2018-11-08 11:30:59,673 INFO o.a.j.u.JMeterUtils: Setting Locale to zh_CN
2018-11-08 11:30:59,711 INFO o.a.j.JMeter: Loading user properties from: user.properties
2018-11-08 11:30:59,712 INFO o.a.j.JMeter: Loading system properties from: system.properties
2018-11-08 11:30:59,712 INFO o.a.j.JMeter: Setting JMeter property: jmeter.save.saveservice.output_format=xml
2018-11-08 11:30:59,726 INFO o.a.j.JMeter: Copyright (c) 1998-2018 The Apache Software Foundation
2018-11-08 11:30:59,726 INFO o.a.j.JMeter: Version 4.0 r1823414
2018-11-08 11:30:59,727 INFO o.a.j.JMeter: java.version=1.8.0_151
2018-11-08 11:30:59,727 INFO o.a.j.JMeter: java.vm.name=Java HotSpot(TM) 64-Bit Server VM
2018-11-08 11:30:59,727 INFO o.a.j.JMeter: os.name=Windows 10
2018-11-08 11:30:59,727 INFO o.a.j.JMeter: os.arch=amd64
2018-11-08 11:30:59,727 INFO o.a.j.JMeter: os.version=10.0
2018-11-08 11:30:59,728 INFO o.a.j.JMeter: file.encoding=GBK
2018-11-08 11:30:59,728 INFO o.a.j.JMeter: Max memory     =3747086336
2018-11-08 11:30:59,728 INFO o.a.j.JMeter: Available Processors =4
2018-11-08 11:30:59,741 INFO o.a.j.JMeter: Default Locale=中文 (中国)
2018-11-08 11:30:59,742 INFO o.a.j.JMeter: JMeter  Locale=中文 (中国)
2018-11-08 11:30:59,742 INFO o.a.j.JMeter: JMeterHome=D:\apache-jmeter-4.0\apache-jmeter-4.0
2018-11-08 11:30:59,742 INFO o.a.j.JMeter: user.dir  =D:\apache-jmeter-4.0\apache-jmeter-4.0\bin
2018-11-08 11:30:59,743 INFO o.a.j.JMeter: PWD       =D:\apache-jmeter-4.0\apache-jmeter-4.0\bin
2018-11-08 11:30:59,748 INFO o.a.j.JMeter: IP: 172.16.104.108 Name: DESKTOP-0A9DREF FullName: DESKTOP-0A9DREF
2018-11-08 11:30:59,753 INFO o.a.j.s.FileServer: Default base='D:\apache-jmeter-4.0\apache-jmeter-4.0\bin'
2018-11-08 11:30:59,767 INFO o.a.j.s.FileServer: Set new base='D:\apache-jmeter-4.0\demo'
2018-11-08 11:31:00,113 INFO o.a.j.s.SaveService: Testplan (JMX) version: 2.2. Testlog (JTL) version: 2.2
2018-11-08 11:31:00,162 INFO o.a.j.s.SaveService: Using SaveService properties file encoding UTF-8
2018-11-08 11:31:00,175 INFO o.a.j.s.SaveService: Using SaveService properties version 4.0
2018-11-08 11:31:00,187 INFO o.a.j.s.SaveService: Loading file: D:\apache-jmeter-4.0\demo\Test Plan--数据库.jmx
2018-11-08 11:31:00,443 INFO o.a.j.p.h.s.HTTPSamplerBase: Parser for text/html is org.apache.jmeter.protocol.http.parser.LagartoBasedHtmlParser
2018-11-08 11:31:00,443 INFO o.a.j.p.h.s.HTTPSamplerBase: Parser for application/xhtml+xml is org.apache.jmeter.protocol.http.parser.LagartoBasedHtmlParser
2018-11-08 11:31:00,443 INFO o.a.j.p.h.s.HTTPSamplerBase: Parser for application/xml is org.apache.jmeter.protocol.http.parser.LagartoBasedHtmlParser
2018-11-08 11:31:00,443 INFO o.a.j.p.h.s.HTTPSamplerBase: Parser for text/xml is org.apache.jmeter.protocol.http.parser.LagartoBasedHtmlParser
2018-11-08 11:31:00,443 INFO o.a.j.p.h.s.HTTPSamplerBase: Parser for text/vnd.wap.wml is org.apache.jmeter.protocol.http.parser.RegexpHTMLParser
2018-11-08 11:31:00,443 INFO o.a.j.p.h.s.HTTPSamplerBase: Parser for text/css is org.apache.jmeter.protocol.http.parser.CssParser
2018-11-08 11:31:00,473 INFO o.a.j.JMeter: Creating summariser <summary>
2018-11-08 11:31:00,490 INFO o.a.j.e.StandardJMeterEngine: Running the test!
2018-11-08 11:31:00,494 INFO o.a.j.s.SampleEvent: List of sample_variables: []
2018-11-08 11:31:00,494 INFO o.a.j.s.SampleEvent: List of sample_variables: []
2018-11-08 11:31:00,505 INFO o.a.j.e.u.CompoundVariable: Note: Function class names must contain the string: '.functions.'
2018-11-08 11:31:00,505 INFO o.a.j.e.u.CompoundVariable: Note: Function class names must not contain the string: '.gui.'
2018-11-08 11:31:01,394 INFO o.a.j.t.TestPlan: added D:\apache-jmeter-4.0\apache-jmeter-4.0\lib\mysql-connector-java-5.1.47-bin.jar to classpath
2018-11-08 11:31:01,540 INFO o.a.j.JMeter: 正在运行的测试 (1541647861540)
2018-11-08 11:31:01,718 INFO o.a.j.e.StandardJMeterEngine: Starting ThreadGroup: 1 : 线程组
2018-11-08 11:31:01,719 INFO o.a.j.e.StandardJMeterEngine: Starting 1 threads for group 线程组.
2018-11-08 11:31:01,719 INFO o.a.j.e.StandardJMeterEngine: Thread will continue on error
2018-11-08 11:31:01,720 INFO o.a.j.t.ThreadGroup: Starting thread group... number=1 threads=1 ramp-up=1 perThread=1000.0 delayedStart=false
2018-11-08 11:31:01,743 INFO o.a.j.t.ThreadGroup: Started thread group number 1
2018-11-08 11:31:01,743 INFO o.a.j.e.StandardJMeterEngine: Waiting for thread group: 线程组 to finish before starting next group
2018-11-08 11:31:01,749 INFO o.a.j.t.JMeterThread: Thread started: 线程组 1-1
2018-11-08 11:31:01,756 INFO o.a.j.s.SampleResult: Note: Sample TimeStamps are START times
2018-11-08 11:31:01,756 INFO o.a.j.s.SampleResult: sampleresult.default.encoding is set to utf-8
2018-11-08 11:31:01,756 INFO o.a.j.s.SampleResult: sampleresult.useNanoTime=true
2018-11-08 11:31:01,756 INFO o.a.j.s.SampleResult: sampleresult.nanoThreadSleep=5000
2018-11-08 11:31:02,736 INFO o.a.j.r.Summariser: summary +      1 in 00:00:01 =    0.8/s Avg:   908 Min:   908 Max:   908 Err:     0 (0.00%) Active: 1 Started: 1 Finished: 0
2018-11-08 11:31:02,801 INFO o.a.j.t.JMeterThread: Thread is done: 线程组 1-1
2018-11-08 11:31:02,802 INFO o.a.j.t.JMeterThread: Thread finished: 线程组 1-1
2018-11-08 11:31:02,803 INFO o.a.j.e.StandardJMeterEngine: Starting ThreadGroup: 2 : 线程组
2018-11-08 11:31:02,803 INFO o.a.j.e.StandardJMeterEngine: Starting 1 threads for group 线程组.
2018-11-08 11:31:02,803 INFO o.a.j.e.StandardJMeterEngine: Thread will continue on error
2018-11-08 11:31:02,803 INFO o.a.j.t.ThreadGroup: Starting thread group... number=2 threads=1 ramp-up=1 perThread=1000.0 delayedStart=false
2018-11-08 11:31:02,805 INFO o.a.j.t.ThreadGroup: Started thread group number 2
2018-11-08 11:31:02,805 INFO o.a.j.e.StandardJMeterEngine: All thread groups have been started
2018-11-08 11:31:02,817 INFO o.a.j.t.JMeterThread: Thread started: 线程组 2-1
2018-11-08 11:31:02,871 INFO o.a.j.p.h.s.HTTPHCAbstractImpl: Local host = DESKTOP-0A9DREF
2018-11-08 11:31:02,915 INFO o.a.j.p.h.s.HTTPHC4Impl: HTTP request retry count = 0
2018-11-08 11:31:03,708 INFO o.a.j.t.JMeterThread: Thread is done: 线程组 2-1
2018-11-08 11:31:03,708 INFO o.a.j.t.JMeterThread: Thread finished: 线程组 2-1
2018-11-08 11:31:03,709 INFO o.a.j.e.StandardJMeterEngine: Notifying test listeners of end of test
2018-11-08 11:31:03,712 INFO o.a.j.r.Summariser: summary +      4 in 00:00:01 =    4.1/s Avg:   145 Min:     0 Max:   533 Err:     0 (0.00%) Active: 0 Started: 2 Finished: 2
2018-11-08 11:31:03,713 INFO o.a.j.r.Summariser: summary =      5 in 00:00:02 =    2.3/s Avg:   297 Min:     0 Max:   908 Err:     0 (0.00%)
